<?xml version="1.0" encoding="UTF-8"?>
<!-- Generated by org.testng.reporters.JUnitReportReporter -->
<testsuite skipped="0" hostname="AnkitTyagi-PC" name="com.mmt.Flights_Suite.Login_Page" tests="1" failures="0" timestamp="05 Jan 2020 06:43:15 GMT" time="0.021" errors="0">
  <testcase name="run" time="0.021" classname="com.mmt.Flights_Suite.Login_Page"/>
</testsuite> <!-- com.mmt.Flights_Suite.Login_Page -->
